{"/workspace/src/models/GameState.ts": {"path":"/workspace/src/models/GameState.ts","statementMap":{"0":{"start":{"line":7,"column":27},"end":{"line":7,"column":29}},"1":{"start":{"line":8,"column":37},"end":{"line":8,"column":39}},"2":{"start":{"line":9,"column":38},"end":{"line":9,"column":null}},"3":{"start":{"line":12,"column":24},"end":{"line":12,"column":null}},"4":{"start":{"line":15,"column":4},"end":{"line":15,"column":null}},"5":{"start":{"line":16,"column":4},"end":{"line":16,"column":null}},"6":{"start":{"line":17,"column":4},"end":{"line":17,"column":null}},"7":{"start":{"line":21,"column":4},"end":{"line":21,"column":null}},"8":{"start":{"line":25,"column":4},"end":{"line":25,"column":null}},"9":{"start":{"line":25,"column":35},"end":{"line":25,"column":null}},"10":{"start":{"line":26,"column":4},"end":{"line":26,"column":null}},"11":{"start":{"line":30,"column":4},"end":{"line":30,"column":null}},"12":{"start":{"line":30,"column":35},"end":{"line":30,"column":null}},"13":{"start":{"line":31,"column":4},"end":{"line":31,"column":null}},"14":{"start":{"line":33,"column":4},"end":{"line":33,"column":null}},"15":{"start":{"line":37,"column":4},"end":{"line":37,"column":null}}},"fnMap":{"0":{"name":"(anonymous_0)","decl":{"start":{"line":14,"column":2},"end":{"line":14,"column":14}},"loc":{"start":{"line":14,"column":45},"end":{"line":17,"column":null}},"line":14},"1":{"name":"(anonymous_1)","decl":{"start":{"line":20,"column":2},"end":{"line":20,"column":9}},"loc":{"start":{"line":20,"column":37},"end":{"line":21,"column":null}},"line":20},"2":{"name":"(anonymous_2)","decl":{"start":{"line":24,"column":2},"end":{"line":24,"column":9}},"loc":{"start":{"line":24,"column":41},"end":{"line":26,"column":null}},"line":24},"3":{"name":"(anonymous_3)","decl":{"start":{"line":29,"column":2},"end":{"line":29,"column":9}},"loc":{"start":{"line":29,"column":26},"end":{"line":33,"column":null}},"line":29},"4":{"name":"(anonymous_4)","decl":{"start":{"line":36,"column":2},"end":{"line":36,"column":9}},"loc":{"start":{"line":36,"column":47},"end":{"line":37,"column":null}},"line":36}},"branchMap":{"0":{"loc":{"start":{"line":25,"column":4},"end":{"line":25,"column":null}},"type":"if","locations":[{"start":{"line":25,"column":4},"end":{"line":25,"column":null}},{"start":{},"end":{}}],"line":25},"1":{"loc":{"start":{"line":30,"column":4},"end":{"line":30,"column":null}},"type":"if","locations":[{"start":{"line":30,"column":4},"end":{"line":30,"column":null}},{"start":{},"end":{}}],"line":30}},"s":{"0":6,"1":6,"2":6,"3":6,"4":6,"5":6,"6":6,"7":8,"8":8,"9":0,"10":8,"11":0,"12":0,"13":0,"14":0,"15":2},"f":{"0":6,"1":8,"2":8,"3":0,"4":2},"b":{"0":[0,8],"1":[0,0]},"meta":{"lastBranch":2,"lastFunction":5,"lastStatement":16,"seen":{"s:7:27:7:29":0,"s:8:37:8:39":1,"s:9:38:9:Infinity":2,"s:12:24:12:Infinity":3,"f:14:2:14:14":0,"s:15:4:15:Infinity":4,"s:16:4:16:Infinity":5,"s:17:4:17:Infinity":6,"f:20:2:20:9":1,"s:21:4:21:Infinity":7,"f:24:2:24:9":2,"b:25:4:25:Infinity:undefined:undefined:undefined:undefined":0,"s:25:4:25:Infinity":8,"s:25:35:25:Infinity":9,"s:26:4:26:Infinity":10,"f:29:2:29:9":3,"b:30:4:30:Infinity:undefined:undefined:undefined:undefined":1,"s:30:4:30:Infinity":11,"s:30:35:30:Infinity":12,"s:31:4:31:Infinity":13,"s:33:4:33:Infinity":14,"f:36:2:36:9":4,"s:37:4:37:Infinity":15}}}
,"/workspace/src/models/Landscape.ts": {"path":"/workspace/src/models/Landscape.ts","statementMap":{"0":{"start":{"line":7,"column":4},"end":{"line":7,"column":null}},"1":{"start":{"line":8,"column":4},"end":{"line":8,"column":null}},"2":{"start":{"line":9,"column":4},"end":{"line":9,"column":null}},"3":{"start":{"line":13,"column":4},"end":{"line":13,"column":null}},"4":{"start":{"line":17,"column":4},"end":{"line":17,"column":null}},"5":{"start":{"line":17,"column":63},"end":{"line":17,"column":null}},"6":{"start":{"line":18,"column":4},"end":{"line":18,"column":null}},"7":{"start":{"line":22,"column":4},"end":{"line":22,"column":null}},"8":{"start":{"line":22,"column":63},"end":{"line":22,"column":null}},"9":{"start":{"line":23,"column":4},"end":{"line":23,"column":null}},"10":{"start":{"line":28,"column":4},"end":{"line":35,"column":null}},"11":{"start":{"line":28,"column":17},"end":{"line":28,"column":20}},"12":{"start":{"line":29,"column":28},"end":{"line":29,"column":null}},"13":{"start":{"line":30,"column":6},"end":{"line":35,"column":null}},"14":{"start":{"line":30,"column":19},"end":{"line":30,"column":22}},"15":{"start":{"line":32,"column":8},"end":{"line":35,"column":null}},"16":{"start":{"line":33,"column":10},"end":{"line":33,"column":null}},"17":{"start":{"line":35,"column":10},"end":{"line":35,"column":null}},"18":{"start":{"line":42,"column":15},"end":{"line":42,"column":null}},"19":{"start":{"line":43,"column":17},"end":{"line":43,"column":53}},"20":{"start":{"line":44,"column":17},"end":{"line":44,"column":65}},"21":{"start":{"line":45,"column":17},"end":{"line":45,"column":53}},"22":{"start":{"line":46,"column":17},"end":{"line":46,"column":66}},"23":{"start":{"line":48,"column":4},"end":{"line":53,"column":null}},"24":{"start":{"line":48,"column":17},"end":{"line":48,"column":23}},"25":{"start":{"line":49,"column":6},"end":{"line":53,"column":null}},"26":{"start":{"line":49,"column":19},"end":{"line":49,"column":25}},"27":{"start":{"line":50,"column":19},"end":{"line":50,"column":null}},"28":{"start":{"line":51,"column":19},"end":{"line":51,"column":null}},"29":{"start":{"line":52,"column":8},"end":{"line":53,"column":null}},"30":{"start":{"line":53,"column":10},"end":{"line":53,"column":null}}},"fnMap":{"0":{"name":"(anonymous_0)","decl":{"start":{"line":6,"column":2},"end":{"line":6,"column":14}},"loc":{"start":{"line":6,"column":45},"end":{"line":9,"column":null}},"line":6},"1":{"name":"(anonymous_1)","decl":{"start":{"line":12,"column":2},"end":{"line":12,"column":9}},"loc":{"start":{"line":12,"column":48},"end":{"line":13,"column":null}},"line":12},"2":{"name":"(anonymous_2)","decl":{"start":{"line":16,"column":2},"end":{"line":16,"column":9}},"loc":{"start":{"line":16,"column":48},"end":{"line":18,"column":null}},"line":16},"3":{"name":"(anonymous_3)","decl":{"start":{"line":21,"column":2},"end":{"line":21,"column":9}},"loc":{"start":{"line":21,"column":62},"end":{"line":23,"column":null}},"line":21},"4":{"name":"(anonymous_4)","decl":{"start":{"line":26,"column":2},"end":{"line":26,"column":9}},"loc":{"start":{"line":26,"column":33},"end":{"line":35,"column":null}},"line":26},"5":{"name":"(anonymous_5)","decl":{"start":{"line":41,"column":2},"end":{"line":41,"column":9}},"loc":{"start":{"line":41,"column":68},"end":{"line":53,"column":null}},"line":41}},"branchMap":{"0":{"loc":{"start":{"line":17,"column":4},"end":{"line":17,"column":null}},"type":"if","locations":[{"start":{"line":17,"column":4},"end":{"line":17,"column":null}},{"start":{},"end":{}}],"line":17},"1":{"loc":{"start":{"line":17,"column":8},"end":{"line":17,"column":63}},"type":"binary-expr","locations":[{"start":{"line":17,"column":8},"end":{"line":17,"column":17}},{"start":{"line":17,"column":17},"end":{"line":17,"column":36}},{"start":{"line":17,"column":36},"end":{"line":17,"column":45}},{"start":{"line":17,"column":45},"end":{"line":17,"column":63}}],"line":17},"2":{"loc":{"start":{"line":22,"column":4},"end":{"line":22,"column":null}},"type":"if","locations":[{"start":{"line":22,"column":4},"end":{"line":22,"column":null}},{"start":{},"end":{}}],"line":22},"3":{"loc":{"start":{"line":22,"column":8},"end":{"line":22,"column":63}},"type":"binary-expr","locations":[{"start":{"line":22,"column":8},"end":{"line":22,"column":17}},{"start":{"line":22,"column":17},"end":{"line":22,"column":36}},{"start":{"line":22,"column":36},"end":{"line":22,"column":45}},{"start":{"line":22,"column":45},"end":{"line":22,"column":63}}],"line":22},"4":{"loc":{"start":{"line":23,"column":37},"end":{"line":23,"column":null}},"type":"cond-expr","locations":[{"start":{"line":23,"column":45},"end":{"line":23,"column":49}},{"start":{"line":23,"column":49},"end":{"line":23,"column":null}}],"line":23},"5":{"loc":{"start":{"line":32,"column":8},"end":{"line":35,"column":null}},"type":"if","locations":[{"start":{"line":32,"column":8},"end":{"line":35,"column":null}},{"start":{"line":34,"column":15},"end":{"line":35,"column":null}}],"line":32},"6":{"loc":{"start":{"line":52,"column":8},"end":{"line":53,"column":null}},"type":"if","locations":[{"start":{"line":52,"column":8},"end":{"line":53,"column":null}},{"start":{},"end":{}}],"line":52}},"s":{"0":11,"1":11,"2":11,"3":1459013,"4":28,"5":2,"6":26,"7":1458988,"8":1,"9":1458987,"10":4,"11":4,"12":2500,"13":2500,"14":2500,"15":1450000,"16":702107,"17":747893,"18":3,"19":3,"20":3,"21":3,"22":3,"23":3,"24":3,"25":83,"26":83,"27":3963,"28":3963,"29":3963,"30":2983},"f":{"0":11,"1":1459013,"2":28,"3":1458988,"4":4,"5":3},"b":{"0":[2,26],"1":[28,27,27,27],"2":[1,1458987],"3":[1458988,1458987,1458987,1458987],"4":[708111,750876],"5":[702107,747893],"6":[2983,980]},"meta":{"lastBranch":7,"lastFunction":6,"lastStatement":31,"seen":{"f:6:2:6:14":0,"s:7:4:7:Infinity":0,"s:8:4:8:Infinity":1,"s:9:4:9:Infinity":2,"f:12:2:12:9":1,"s:13:4:13:Infinity":3,"f:16:2:16:9":2,"b:17:4:17:Infinity:undefined:undefined:undefined:undefined":0,"s:17:4:17:Infinity":4,"b:17:8:17:17:17:17:17:36:17:36:17:45:17:45:17:63":1,"s:17:63:17:Infinity":5,"s:18:4:18:Infinity":6,"f:21:2:21:9":3,"b:22:4:22:Infinity:undefined:undefined:undefined:undefined":2,"s:22:4:22:Infinity":7,"b:22:8:22:17:22:17:22:36:22:36:22:45:22:45:22:63":3,"s:22:63:22:Infinity":8,"s:23:4:23:Infinity":9,"b:23:45:23:49:23:49:23:Infinity":4,"f:26:2:26:9":4,"s:28:4:35:Infinity":10,"s:28:17:28:20":11,"s:29:28:29:Infinity":12,"s:30:6:35:Infinity":13,"s:30:19:30:22":14,"b:32:8:35:Infinity:34:15:35:Infinity":5,"s:32:8:35:Infinity":15,"s:33:10:33:Infinity":16,"s:35:10:35:Infinity":17,"f:41:2:41:9":5,"s:42:15:42:Infinity":18,"s:43:17:43:53":19,"s:44:17:44:65":20,"s:45:17:45:53":21,"s:46:17:46:66":22,"s:48:4:53:Infinity":23,"s:48:17:48:23":24,"s:49:6:53:Infinity":25,"s:49:19:49:25":26,"s:50:19:50:Infinity":27,"s:51:19:51:Infinity":28,"b:52:8:53:Infinity:undefined:undefined:undefined:undefined":6,"s:52:8:53:Infinity":29,"s:53:10:53:Infinity":30}}}
,"/workspace/src/models/Projectile.ts": {"path":"/workspace/src/models/Projectile.ts","statementMap":{"0":{"start":{"line":6,"column":26},"end":{"line":6,"column":null}},"1":{"start":{"line":7,"column":27},"end":{"line":7,"column":null}},"2":{"start":{"line":8,"column":35},"end":{"line":8,"column":null}},"3":{"start":{"line":9,"column":26},"end":{"line":9,"column":null}},"4":{"start":{"line":12,"column":4},"end":{"line":12,"column":null}},"5":{"start":{"line":13,"column":4},"end":{"line":13,"column":null}},"6":{"start":{"line":14,"column":4},"end":{"line":14,"column":null}},"7":{"start":{"line":15,"column":4},"end":{"line":15,"column":null}},"8":{"start":{"line":19,"column":4},"end":{"line":19,"column":null}},"9":{"start":{"line":19,"column":22},"end":{"line":19,"column":null}},"10":{"start":{"line":20,"column":4},"end":{"line":20,"column":null}},"11":{"start":{"line":21,"column":4},"end":{"line":21,"column":null}}},"fnMap":{"0":{"name":"(anonymous_0)","decl":{"start":{"line":11,"column":2},"end":{"line":11,"column":14}},"loc":{"start":{"line":11,"column":60},"end":{"line":15,"column":null}},"line":11},"1":{"name":"(anonymous_1)","decl":{"start":{"line":18,"column":2},"end":{"line":18,"column":9}},"loc":{"start":{"line":18,"column":42},"end":{"line":21,"column":null}},"line":18}},"branchMap":{"0":{"loc":{"start":{"line":19,"column":4},"end":{"line":19,"column":null}},"type":"if","locations":[{"start":{"line":19,"column":4},"end":{"line":19,"column":null}},{"start":{},"end":{}}],"line":19}},"s":{"0":5,"1":5,"2":5,"3":5,"4":5,"5":5,"6":5,"7":5,"8":5,"9":1,"10":4,"11":4},"f":{"0":5,"1":5},"b":{"0":[1,4]},"meta":{"lastBranch":1,"lastFunction":2,"lastStatement":12,"seen":{"s:6:26:6:Infinity":0,"s:7:27:7:Infinity":1,"s:8:35:8:Infinity":2,"s:9:26:9:Infinity":3,"f:11:2:11:14":0,"s:12:4:12:Infinity":4,"s:13:4:13:Infinity":5,"s:14:4:14:Infinity":6,"s:15:4:15:Infinity":7,"f:18:2:18:9":1,"b:19:4:19:Infinity:undefined:undefined:undefined:undefined":0,"s:19:4:19:Infinity":8,"s:19:22:19:Infinity":9,"s:20:4:20:Infinity":10,"s:21:4:21:Infinity":11}}}
,"/workspace/src/models/Worm.ts": {"path":"/workspace/src/models/Worm.ts","statementMap":{"0":{"start":{"line":4,"column":22},"end":{"line":4,"column":null}},"1":{"start":{"line":5,"column":22},"end":{"line":5,"column":null}},"2":{"start":{"line":6,"column":25},"end":{"line":6,"column":null}},"3":{"start":{"line":7,"column":26},"end":{"line":7,"column":null}},"4":{"start":{"line":8,"column":28},"end":{"line":8,"column":null}},"5":{"start":{"line":9,"column":28},"end":{"line":9,"column":null}},"6":{"start":{"line":10,"column":26},"end":{"line":10,"column":null}},"7":{"start":{"line":11,"column":35},"end":{"line":11,"column":null}},"8":{"start":{"line":12,"column":32},"end":{"line":12,"column":null}},"9":{"start":{"line":13,"column":30},"end":{"line":13,"column":null}},"10":{"start":{"line":16,"column":4},"end":{"line":16,"column":null}},"11":{"start":{"line":17,"column":4},"end":{"line":17,"column":null}},"12":{"start":{"line":18,"column":4},"end":{"line":18,"column":null}},"13":{"start":{"line":22,"column":4},"end":{"line":22,"column":null}},"14":{"start":{"line":23,"column":4},"end":{"line":23,"column":null}},"15":{"start":{"line":23,"column":27},"end":{"line":23,"column":null}},"16":{"start":{"line":24,"column":4},"end":{"line":24,"column":null}},"17":{"start":{"line":24,"column":29},"end":{"line":24,"column":null}},"18":{"start":{"line":28,"column":4},"end":{"line":28,"column":null}},"19":{"start":{"line":29,"column":4},"end":{"line":29,"column":null}},"20":{"start":{"line":29,"column":27},"end":{"line":29,"column":null}},"21":{"start":{"line":30,"column":4},"end":{"line":30,"column":null}},"22":{"start":{"line":30,"column":29},"end":{"line":30,"column":null}},"23":{"start":{"line":34,"column":4},"end":{"line":34,"column":null}},"24":{"start":{"line":34,"column":29},"end":{"line":34,"column":null}},"25":{"start":{"line":35,"column":4},"end":{"line":35,"column":null}},"26":{"start":{"line":36,"column":4},"end":{"line":36,"column":null}},"27":{"start":{"line":36,"column":25},"end":{"line":36,"column":null}}},"fnMap":{"0":{"name":"(anonymous_0)","decl":{"start":{"line":15,"column":2},"end":{"line":15,"column":14}},"loc":{"start":{"line":15,"column":69},"end":{"line":18,"column":null}},"line":15},"1":{"name":"(anonymous_1)","decl":{"start":{"line":21,"column":2},"end":{"line":21,"column":9}},"loc":{"start":{"line":21,"column":45},"end":{"line":24,"column":null}},"line":21},"2":{"name":"(anonymous_2)","decl":{"start":{"line":27,"column":2},"end":{"line":27,"column":9}},"loc":{"start":{"line":27,"column":47},"end":{"line":30,"column":null}},"line":27},"3":{"name":"(anonymous_3)","decl":{"start":{"line":33,"column":2},"end":{"line":33,"column":9}},"loc":{"start":{"line":33,"column":42},"end":{"line":36,"column":null}},"line":33}},"branchMap":{"0":{"loc":{"start":{"line":15,"column":36},"end":{"line":15,"column":69}},"type":"default-arg","locations":[{"start":{"line":15,"column":62},"end":{"line":15,"column":69}}],"line":15},"1":{"loc":{"start":{"line":23,"column":4},"end":{"line":23,"column":null}},"type":"if","locations":[{"start":{"line":23,"column":4},"end":{"line":23,"column":null}},{"start":{},"end":{}}],"line":23},"2":{"loc":{"start":{"line":24,"column":4},"end":{"line":24,"column":null}},"type":"if","locations":[{"start":{"line":24,"column":4},"end":{"line":24,"column":null}},{"start":{},"end":{}}],"line":24},"3":{"loc":{"start":{"line":29,"column":4},"end":{"line":29,"column":null}},"type":"if","locations":[{"start":{"line":29,"column":4},"end":{"line":29,"column":null}},{"start":{},"end":{}}],"line":29},"4":{"loc":{"start":{"line":30,"column":4},"end":{"line":30,"column":null}},"type":"if","locations":[{"start":{"line":30,"column":4},"end":{"line":30,"column":null}},{"start":{},"end":{}}],"line":30},"5":{"loc":{"start":{"line":34,"column":4},"end":{"line":34,"column":null}},"type":"if","locations":[{"start":{"line":34,"column":4},"end":{"line":34,"column":null}},{"start":{},"end":{}}],"line":34},"6":{"loc":{"start":{"line":36,"column":4},"end":{"line":36,"column":null}},"type":"if","locations":[{"start":{"line":36,"column":4},"end":{"line":36,"column":null}},{"start":{},"end":{}}],"line":36}},"s":{"0":14,"1":14,"2":14,"3":14,"4":14,"5":14,"6":14,"7":14,"8":14,"9":14,"10":14,"11":14,"12":14,"13":3,"14":3,"15":1,"16":3,"17":1,"18":6,"19":6,"20":1,"21":6,"22":1,"23":4,"24":1,"25":3,"26":3,"27":1},"f":{"0":14,"1":3,"2":6,"3":4},"b":{"0":[14],"1":[1,2],"2":[1,2],"3":[1,5],"4":[1,5],"5":[1,3],"6":[1,2]},"meta":{"lastBranch":7,"lastFunction":4,"lastStatement":28,"seen":{"s:4:22:4:Infinity":0,"s:5:22:5:Infinity":1,"s:6:25:6:Infinity":2,"s:7:26:7:Infinity":3,"s:8:28:8:Infinity":4,"s:9:28:9:Infinity":5,"s:10:26:10:Infinity":6,"s:11:35:11:Infinity":7,"s:12:32:12:Infinity":8,"s:13:30:13:Infinity":9,"f:15:2:15:14":0,"b:15:62:15:69":0,"s:16:4:16:Infinity":10,"s:17:4:17:Infinity":11,"s:18:4:18:Infinity":12,"f:21:2:21:9":1,"s:22:4:22:Infinity":13,"b:23:4:23:Infinity:undefined:undefined:undefined:undefined":1,"s:23:4:23:Infinity":14,"s:23:27:23:Infinity":15,"b:24:4:24:Infinity:undefined:undefined:undefined:undefined":2,"s:24:4:24:Infinity":16,"s:24:29:24:Infinity":17,"f:27:2:27:9":2,"s:28:4:28:Infinity":18,"b:29:4:29:Infinity:undefined:undefined:undefined:undefined":3,"s:29:4:29:Infinity":19,"s:29:27:29:Infinity":20,"b:30:4:30:Infinity:undefined:undefined:undefined:undefined":4,"s:30:4:30:Infinity":21,"s:30:29:30:Infinity":22,"f:33:2:33:9":3,"b:34:4:34:Infinity:undefined:undefined:undefined:undefined":5,"s:34:4:34:Infinity":23,"s:34:29:34:Infinity":24,"s:35:4:35:Infinity":25,"b:36:4:36:Infinity:undefined:undefined:undefined:undefined":6,"s:36:4:36:Infinity":26,"s:36:25:36:Infinity":27}}}
,"/workspace/src/presenters/GamePresenter.ts": {"path":"/workspace/src/presenters/GamePresenter.ts","statementMap":{"0":{"start":{"line":9,"column":29},"end":{"line":9,"column":null}},"1":{"start":{"line":10,"column":31},"end":{"line":10,"column":null}},"2":{"start":{"line":13,"column":4},"end":{"line":13,"column":null}},"3":{"start":{"line":14,"column":4},"end":{"line":14,"column":null}},"4":{"start":{"line":18,"column":4},"end":{"line":18,"column":null}},"5":{"start":{"line":21,"column":15},"end":{"line":21,"column":33}},"6":{"start":{"line":22,"column":15},"end":{"line":22,"column":39}},"7":{"start":{"line":24,"column":4},"end":{"line":24,"column":null}},"8":{"start":{"line":25,"column":4},"end":{"line":25,"column":null}},"9":{"start":{"line":29,"column":4},"end":{"line":29,"column":null}},"10":{"start":{"line":30,"column":4},"end":{"line":30,"column":null}},"11":{"start":{"line":31,"column":4},"end":{"line":31,"column":null}},"12":{"start":{"line":35,"column":4},"end":{"line":35,"column":null}},"13":{"start":{"line":39,"column":4},"end":{"line":39,"column":null}},"14":{"start":{"line":39,"column":25},"end":{"line":39,"column":null}},"15":{"start":{"line":41,"column":10},"end":{"line":41,"column":null}},"16":{"start":{"line":42,"column":4},"end":{"line":42,"column":null}},"17":{"start":{"line":44,"column":4},"end":{"line":44,"column":null}},"18":{"start":{"line":45,"column":4},"end":{"line":45,"column":null}},"19":{"start":{"line":47,"column":4},"end":{"line":47,"column":null}},"20":{"start":{"line":51,"column":4},"end":{"line":51,"column":null}},"21":{"start":{"line":59,"column":19},"end":{"line":59,"column":48}},"22":{"start":{"line":60,"column":4},"end":{"line":60,"column":null}},"23":{"start":{"line":60,"column":17},"end":{"line":60,"column":null}},"24":{"start":{"line":62,"column":22},"end":{"line":62,"column":null}},"25":{"start":{"line":63,"column":21},"end":{"line":63,"column":null}},"26":{"start":{"line":64,"column":22},"end":{"line":64,"column":null}},"27":{"start":{"line":66,"column":4},"end":{"line":93,"column":null}},"28":{"start":{"line":68,"column":8},"end":{"line":68,"column":null}},"29":{"start":{"line":69,"column":8},"end":{"line":69,"column":null}},"30":{"start":{"line":69,"column":22},"end":{"line":69,"column":null}},"31":{"start":{"line":70,"column":8},"end":{"line":70,"column":null}},"32":{"start":{"line":72,"column":8},"end":{"line":72,"column":null}},"33":{"start":{"line":73,"column":8},"end":{"line":73,"column":null}},"34":{"start":{"line":73,"column":22},"end":{"line":73,"column":null}},"35":{"start":{"line":74,"column":8},"end":{"line":74,"column":null}},"36":{"start":{"line":76,"column":8},"end":{"line":76,"column":null}},"37":{"start":{"line":76,"column":22},"end":{"line":76,"column":null}},"38":{"start":{"line":77,"column":8},"end":{"line":77,"column":null}},"39":{"start":{"line":79,"column":8},"end":{"line":79,"column":null}},"40":{"start":{"line":79,"column":22},"end":{"line":79,"column":null}},"41":{"start":{"line":80,"column":8},"end":{"line":80,"column":null}},"42":{"start":{"line":82,"column":8},"end":{"line":84,"column":null}},"43":{"start":{"line":83,"column":10},"end":{"line":83,"column":null}},"44":{"start":{"line":84,"column":10},"end":{"line":84,"column":null}},"45":{"start":{"line":86,"column":8},"end":{"line":86,"column":null}},"46":{"start":{"line":88,"column":8},"end":{"line":91,"column":null}},"47":{"start":{"line":89,"column":10},"end":{"line":89,"column":null}},"48":{"start":{"line":91,"column":10},"end":{"line":91,"column":null}},"49":{"start":{"line":93,"column":8},"end":{"line":93,"column":null}},"50":{"start":{"line":98,"column":4},"end":{"line":98,"column":null}},"51":{"start":{"line":98,"column":30},"end":{"line":98,"column":null}},"52":{"start":{"line":101,"column":16},"end":{"line":101,"column":null}},"53":{"start":{"line":102,"column":18},"end":{"line":102,"column":null}},"54":{"start":{"line":103,"column":22},"end":{"line":103,"column":null}},"55":{"start":{"line":105,"column":15},"end":{"line":105,"column":null}},"56":{"start":{"line":106,"column":15},"end":{"line":106,"column":null}},"57":{"start":{"line":108,"column":19},"end":{"line":108,"column":null}},"58":{"start":{"line":109,"column":19},"end":{"line":109,"column":null}},"59":{"start":{"line":111,"column":17},"end":{"line":111,"column":55}},"60":{"start":{"line":112,"column":4},"end":{"line":112,"column":null}},"61":{"start":{"line":114,"column":4},"end":{"line":114,"column":null}}},"fnMap":{"0":{"name":"(anonymous_0)","decl":{"start":{"line":12,"column":2},"end":{"line":12,"column":14}},"loc":{"start":{"line":12,"column":45},"end":{"line":14,"column":null}},"line":12},"1":{"name":"(anonymous_1)","decl":{"start":{"line":17,"column":2},"end":{"line":17,"column":9}},"loc":{"start":{"line":17,"column":22},"end":{"line":25,"column":null}},"line":17},"2":{"name":"(anonymous_2)","decl":{"start":{"line":28,"column":2},"end":{"line":28,"column":9}},"loc":{"start":{"line":28,"column":23},"end":{"line":31,"column":null}},"line":28},"3":{"name":"(anonymous_3)","decl":{"start":{"line":34,"column":2},"end":{"line":34,"column":9}},"loc":{"start":{"line":34,"column":22},"end":{"line":35,"column":null}},"line":34},"4":{"name":"(anonymous_4)","decl":{"start":{"line":38,"column":2},"end":{"line":38,"column":9}},"loc":{"start":{"line":38,"column":34},"end":{"line":47,"column":null}},"line":38},"5":{"name":"(anonymous_5)","decl":{"start":{"line":50,"column":2},"end":{"line":50,"column":9}},"loc":{"start":{"line":50,"column":34},"end":{"line":51,"column":null}},"line":50},"6":{"name":"(anonymous_6)","decl":{"start":{"line":54,"column":2},"end":{"line":54,"column":9}},"loc":{"start":{"line":54,"column":24},"end":{"line":54,"column":null}},"line":54},"7":{"name":"(anonymous_7)","decl":{"start":{"line":58,"column":2},"end":{"line":58,"column":9}},"loc":{"start":{"line":58,"column":62},"end":{"line":93,"column":null}},"line":58},"8":{"name":"(anonymous_8)","decl":{"start":{"line":97,"column":2},"end":{"line":97,"column":10}},"loc":{"start":{"line":97,"column":41},"end":{"line":114,"column":null}},"line":97}},"branchMap":{"0":{"loc":{"start":{"line":39,"column":4},"end":{"line":39,"column":null}},"type":"if","locations":[{"start":{"line":39,"column":4},"end":{"line":39,"column":null}},{"start":{},"end":{}}],"line":39},"1":{"loc":{"start":{"line":60,"column":4},"end":{"line":60,"column":null}},"type":"if","locations":[{"start":{"line":60,"column":4},"end":{"line":60,"column":null}},{"start":{},"end":{}}],"line":60},"2":{"loc":{"start":{"line":66,"column":4},"end":{"line":93,"column":null}},"type":"switch","locations":[{"start":{"line":67,"column":6},"end":{"line":70,"column":null}},{"start":{"line":71,"column":6},"end":{"line":74,"column":null}},{"start":{"line":75,"column":6},"end":{"line":77,"column":null}},{"start":{"line":78,"column":6},"end":{"line":80,"column":null}},{"start":{"line":81,"column":6},"end":{"line":86,"column":null}},{"start":{"line":87,"column":6},"end":{"line":93,"column":null}}],"line":66},"3":{"loc":{"start":{"line":68,"column":20},"end":{"line":68,"column":null}},"type":"cond-expr","locations":[{"start":{"line":68,"column":31},"end":{"line":68,"column":44}},{"start":{"line":68,"column":44},"end":{"line":68,"column":null}}],"line":68},"4":{"loc":{"start":{"line":69,"column":8},"end":{"line":69,"column":null}},"type":"if","locations":[{"start":{"line":69,"column":8},"end":{"line":69,"column":null}},{"start":{},"end":{}}],"line":69},"5":{"loc":{"start":{"line":72,"column":20},"end":{"line":72,"column":null}},"type":"cond-expr","locations":[{"start":{"line":72,"column":31},"end":{"line":72,"column":43}},{"start":{"line":72,"column":43},"end":{"line":72,"column":null}}],"line":72},"6":{"loc":{"start":{"line":73,"column":8},"end":{"line":73,"column":null}},"type":"if","locations":[{"start":{"line":73,"column":8},"end":{"line":73,"column":null}},{"start":{},"end":{}}],"line":73},"7":{"loc":{"start":{"line":76,"column":8},"end":{"line":76,"column":null}},"type":"if","locations":[{"start":{"line":76,"column":8},"end":{"line":76,"column":null}},{"start":{},"end":{}}],"line":76},"8":{"loc":{"start":{"line":79,"column":8},"end":{"line":79,"column":null}},"type":"if","locations":[{"start":{"line":79,"column":8},"end":{"line":79,"column":null}},{"start":{},"end":{}}],"line":79},"9":{"loc":{"start":{"line":82,"column":8},"end":{"line":84,"column":null}},"type":"if","locations":[{"start":{"line":82,"column":8},"end":{"line":84,"column":null}},{"start":{},"end":{}}],"line":82},"10":{"loc":{"start":{"line":82,"column":12},"end":{"line":82,"column":43}},"type":"binary-expr","locations":[{"start":{"line":82,"column":12},"end":{"line":82,"column":24}},{"start":{"line":82,"column":24},"end":{"line":82,"column":43}}],"line":82},"11":{"loc":{"start":{"line":88,"column":8},"end":{"line":91,"column":null}},"type":"if","locations":[{"start":{"line":88,"column":8},"end":{"line":91,"column":null}},{"start":{"line":90,"column":15},"end":{"line":91,"column":null}}],"line":88},"12":{"loc":{"start":{"line":98,"column":4},"end":{"line":98,"column":null}},"type":"if","locations":[{"start":{"line":98,"column":4},"end":{"line":98,"column":null}},{"start":{},"end":{}}],"line":98},"13":{"loc":{"start":{"line":103,"column":22},"end":{"line":103,"column":null}},"type":"cond-expr","locations":[{"start":{"line":103,"column":43},"end":{"line":103,"column":47}},{"start":{"line":103,"column":47},"end":{"line":103,"column":null}}],"line":103}},"s":{"0":3,"1":3,"2":3,"3":3,"4":3,"5":3,"6":3,"7":3,"8":3,"9":0,"10":0,"11":0,"12":0,"13":0,"14":0,"15":0,"16":0,"17":0,"18":0,"19":0,"20":2,"21":6,"22":6,"23":0,"24":6,"25":6,"26":6,"27":6,"28":0,"29":0,"30":0,"31":0,"32":0,"33":0,"34":0,"35":0,"36":0,"37":0,"38":0,"39":0,"40":0,"41":0,"42":1,"43":1,"44":1,"45":1,"46":5,"47":3,"48":2,"49":5,"50":2,"51":0,"52":2,"53":2,"54":2,"55":2,"56":2,"57":2,"58":2,"59":2,"60":2,"61":2},"f":{"0":3,"1":3,"2":0,"3":0,"4":0,"5":2,"6":0,"7":6,"8":2},"b":{"0":[0,0],"1":[0,6],"2":[0,0,0,0,1,5],"3":[0,0],"4":[0,0],"5":[0,0],"6":[0,0],"7":[0,0],"8":[0,0],"9":[1,0],"10":[1,1],"11":[3,2],"12":[0,2],"13":[2,0]},"meta":{"lastBranch":14,"lastFunction":9,"lastStatement":62,"seen":{"s:9:29:9:Infinity":0,"s:10:31:10:Infinity":1,"f:12:2:12:14":0,"s:13:4:13:Infinity":2,"s:14:4:14:Infinity":3,"f:17:2:17:9":1,"s:18:4:18:Infinity":4,"s:21:15:21:33":5,"s:22:15:22:39":6,"s:24:4:24:Infinity":7,"s:25:4:25:Infinity":8,"f:28:2:28:9":2,"s:29:4:29:Infinity":9,"s:30:4:30:Infinity":10,"s:31:4:31:Infinity":11,"f:34:2:34:9":3,"s:35:4:35:Infinity":12,"f:38:2:38:9":4,"b:39:4:39:Infinity:undefined:undefined:undefined:undefined":0,"s:39:4:39:Infinity":13,"s:39:25:39:Infinity":14,"s:41:10:41:Infinity":15,"s:42:4:42:Infinity":16,"s:44:4:44:Infinity":17,"s:45:4:45:Infinity":18,"s:47:4:47:Infinity":19,"f:50:2:50:9":5,"s:51:4:51:Infinity":20,"f:54:2:54:9":6,"f:58:2:58:9":7,"s:59:19:59:48":21,"b:60:4:60:Infinity:undefined:undefined:undefined:undefined":1,"s:60:4:60:Infinity":22,"s:60:17:60:Infinity":23,"s:62:22:62:Infinity":24,"s:63:21:63:Infinity":25,"s:64:22:64:Infinity":26,"b:67:6:70:Infinity:71:6:74:Infinity:75:6:77:Infinity:78:6:80:Infinity:81:6:86:Infinity:87:6:93:Infinity":2,"s:66:4:93:Infinity":27,"s:68:8:68:Infinity":28,"b:68:31:68:44:68:44:68:Infinity":3,"b:69:8:69:Infinity:undefined:undefined:undefined:undefined":4,"s:69:8:69:Infinity":29,"s:69:22:69:Infinity":30,"s:70:8:70:Infinity":31,"s:72:8:72:Infinity":32,"b:72:31:72:43:72:43:72:Infinity":5,"b:73:8:73:Infinity:undefined:undefined:undefined:undefined":6,"s:73:8:73:Infinity":33,"s:73:22:73:Infinity":34,"s:74:8:74:Infinity":35,"b:76:8:76:Infinity:undefined:undefined:undefined:undefined":7,"s:76:8:76:Infinity":36,"s:76:22:76:Infinity":37,"s:77:8:77:Infinity":38,"b:79:8:79:Infinity:undefined:undefined:undefined:undefined":8,"s:79:8:79:Infinity":39,"s:79:22:79:Infinity":40,"s:80:8:80:Infinity":41,"b:82:8:84:Infinity:undefined:undefined:undefined:undefined":9,"s:82:8:84:Infinity":42,"b:82:12:82:24:82:24:82:43":10,"s:83:10:83:Infinity":43,"s:84:10:84:Infinity":44,"s:86:8:86:Infinity":45,"b:88:8:91:Infinity:90:15:91:Infinity":11,"s:88:8:91:Infinity":46,"s:89:10:89:Infinity":47,"s:91:10:91:Infinity":48,"s:93:8:93:Infinity":49,"f:97:2:97:10":8,"b:98:4:98:Infinity:undefined:undefined:undefined:undefined":12,"s:98:4:98:Infinity":50,"s:98:30:98:Infinity":51,"s:101:16:101:Infinity":52,"s:102:18:102:Infinity":53,"s:103:22:103:Infinity":54,"b:103:43:103:47:103:47:103:Infinity":13,"s:105:15:105:Infinity":55,"s:106:15:106:Infinity":56,"s:108:19:108:Infinity":57,"s:109:19:109:Infinity":58,"s:111:17:111:55":59,"s:112:4:112:Infinity":60,"s:114:4:114:Infinity":61}}}
,"/workspace/src/presenters/PhysicsEngine.ts": {"path":"/workspace/src/presenters/PhysicsEngine.ts","statementMap":{"0":{"start":{"line":6,"column":27},"end":{"line":6,"column":null}},"1":{"start":{"line":10,"column":4},"end":{"line":11,"column":null}},"2":{"start":{"line":11,"column":6},"end":{"line":11,"column":null}},"3":{"start":{"line":15,"column":4},"end":{"line":17,"column":null}},"4":{"start":{"line":16,"column":6},"end":{"line":17,"column":null}},"5":{"start":{"line":17,"column":8},"end":{"line":17,"column":null}},"6":{"start":{"line":22,"column":4},"end":{"line":22,"column":null}},"7":{"start":{"line":22,"column":54},"end":{"line":22,"column":63}},"8":{"start":{"line":27,"column":4},"end":{"line":27,"column":null}},"9":{"start":{"line":30,"column":4},"end":{"line":30,"column":null}},"10":{"start":{"line":31,"column":4},"end":{"line":31,"column":null}},"11":{"start":{"line":34,"column":4},"end":{"line":34,"column":null}},"12":{"start":{"line":38,"column":20},"end":{"line":38,"column":56}},"13":{"start":{"line":39,"column":20},"end":{"line":39,"column":38}},"14":{"start":{"line":42,"column":4},"end":{"line":51,"column":null}},"15":{"start":{"line":43,"column":6},"end":{"line":43,"column":null}},"16":{"start":{"line":44,"column":6},"end":{"line":44,"column":null}},"17":{"start":{"line":47,"column":14},"end":{"line":47,"column":null}},"18":{"start":{"line":48,"column":6},"end":{"line":49,"column":null}},"19":{"start":{"line":49,"column":8},"end":{"line":49,"column":null}},"20":{"start":{"line":51,"column":6},"end":{"line":51,"column":null}},"21":{"start":{"line":55,"column":4},"end":{"line":55,"column":null}},"22":{"start":{"line":55,"column":22},"end":{"line":55,"column":34}},"23":{"start":{"line":55,"column":34},"end":{"line":55,"column":null}},"24":{"start":{"line":56,"column":4},"end":{"line":56,"column":null}},"25":{"start":{"line":56,"column":32},"end":{"line":56,"column":54}},"26":{"start":{"line":56,"column":54},"end":{"line":56,"column":null}},"27":{"start":{"line":57,"column":4},"end":{"line":59,"column":null}},"28":{"start":{"line":58,"column":6},"end":{"line":58,"column":null}},"29":{"start":{"line":59,"column":6},"end":{"line":59,"column":null}},"30":{"start":{"line":64,"column":4},"end":{"line":64,"column":null}},"31":{"start":{"line":65,"column":4},"end":{"line":65,"column":null}},"32":{"start":{"line":67,"column":4},"end":{"line":67,"column":null}},"33":{"start":{"line":70,"column":4},"end":{"line":72,"column":null}},"34":{"start":{"line":71,"column":6},"end":{"line":71,"column":null}},"35":{"start":{"line":72,"column":6},"end":{"line":72,"column":null}},"36":{"start":{"line":76,"column":4},"end":{"line":79,"column":null}},"37":{"start":{"line":77,"column":6},"end":{"line":79,"column":null}},"38":{"start":{"line":78,"column":8},"end":{"line":78,"column":null}},"39":{"start":{"line":79,"column":8},"end":{"line":79,"column":null}},"40":{"start":{"line":84,"column":4},"end":{"line":85,"column":null}},"41":{"start":{"line":85,"column":6},"end":{"line":85,"column":null}},"42":{"start":{"line":90,"column":4},"end":{"line":90,"column":null}},"43":{"start":{"line":92,"column":4},"end":{"line":92,"column":null}},"44":{"start":{"line":95,"column":4},"end":{"line":108,"column":null}},"45":{"start":{"line":96,"column":19},"end":{"line":96,"column":73}},"46":{"start":{"line":97,"column":6},"end":{"line":108,"column":null}},"47":{"start":{"line":99,"column":28},"end":{"line":99,"column":null}},"48":{"start":{"line":100,"column":8},"end":{"line":100,"column":null}},"49":{"start":{"line":103,"column":19},"end":{"line":103,"column":null}},"50":{"start":{"line":104,"column":19},"end":{"line":104,"column":null}},"51":{"start":{"line":105,"column":21},"end":{"line":105,"column":null}},"52":{"start":{"line":106,"column":8},"end":{"line":106,"column":null}},"53":{"start":{"line":107,"column":8},"end":{"line":107,"column":null}},"54":{"start":{"line":108,"column":8},"end":{"line":108,"column":null}}},"fnMap":{"0":{"name":"(anonymous_0)","decl":{"start":{"line":8,"column":2},"end":{"line":8,"column":9}},"loc":{"start":{"line":8,"column":52},"end":{"line":22,"column":null}},"line":8},"1":{"name":"(anonymous_1)","decl":{"start":{"line":22,"column":42},"end":{"line":22,"column":49}},"loc":{"start":{"line":22,"column":54},"end":{"line":22,"column":63}},"line":22},"2":{"name":"(anonymous_2)","decl":{"start":{"line":25,"column":2},"end":{"line":25,"column":10}},"loc":{"start":{"line":25,"column":68},"end":{"line":59,"column":null}},"line":25},"3":{"name":"(anonymous_3)","decl":{"start":{"line":63,"column":2},"end":{"line":63,"column":10}},"loc":{"start":{"line":63,"column":81},"end":{"line":85,"column":null}},"line":63},"4":{"name":"(anonymous_4)","decl":{"start":{"line":89,"column":2},"end":{"line":89,"column":10}},"loc":{"start":{"line":89,"column":60},"end":{"line":108,"column":null}},"line":89}},"branchMap":{"0":{"loc":{"start":{"line":16,"column":6},"end":{"line":17,"column":null}},"type":"if","locations":[{"start":{"line":16,"column":6},"end":{"line":17,"column":null}},{"start":{},"end":{}}],"line":16},"1":{"loc":{"start":{"line":42,"column":4},"end":{"line":51,"column":null}},"type":"if","locations":[{"start":{"line":42,"column":4},"end":{"line":51,"column":null}},{"start":{},"end":{}}],"line":42},"2":{"loc":{"start":{"line":48,"column":13},"end":{"line":48,"column":59}},"type":"binary-expr","locations":[{"start":{"line":48,"column":13},"end":{"line":48,"column":48}},{"start":{"line":48,"column":52},"end":{"line":48,"column":59}}],"line":48},"3":{"loc":{"start":{"line":55,"column":4},"end":{"line":55,"column":null}},"type":"if","locations":[{"start":{"line":55,"column":4},"end":{"line":55,"column":null}},{"start":{},"end":{}}],"line":55},"4":{"loc":{"start":{"line":56,"column":4},"end":{"line":56,"column":null}},"type":"if","locations":[{"start":{"line":56,"column":4},"end":{"line":56,"column":null}},{"start":{},"end":{}}],"line":56},"5":{"loc":{"start":{"line":57,"column":4},"end":{"line":59,"column":null}},"type":"if","locations":[{"start":{"line":57,"column":4},"end":{"line":59,"column":null}},{"start":{},"end":{}}],"line":57},"6":{"loc":{"start":{"line":70,"column":4},"end":{"line":72,"column":null}},"type":"if","locations":[{"start":{"line":70,"column":4},"end":{"line":72,"column":null}},{"start":{},"end":{}}],"line":70},"7":{"loc":{"start":{"line":77,"column":6},"end":{"line":79,"column":null}},"type":"if","locations":[{"start":{"line":77,"column":6},"end":{"line":79,"column":null}},{"start":{},"end":{}}],"line":77},"8":{"loc":{"start":{"line":84,"column":4},"end":{"line":85,"column":null}},"type":"if","locations":[{"start":{"line":84,"column":4},"end":{"line":85,"column":null}},{"start":{},"end":{}}],"line":84},"9":{"loc":{"start":{"line":84,"column":8},"end":{"line":84,"column":84}},"type":"binary-expr","locations":[{"start":{"line":84,"column":8},"end":{"line":84,"column":39}},{"start":{"line":84,"column":39},"end":{"line":84,"column":56}},{"start":{"line":84,"column":56},"end":{"line":84,"column":84}}],"line":84},"10":{"loc":{"start":{"line":97,"column":6},"end":{"line":108,"column":null}},"type":"if","locations":[{"start":{"line":97,"column":6},"end":{"line":108,"column":null}},{"start":{},"end":{}}],"line":97},"11":{"loc":{"start":{"line":105,"column":21},"end":{"line":105,"column":null}},"type":"binary-expr","locations":[{"start":{"line":105,"column":21},"end":{"line":105,"column":45}},{"start":{"line":105,"column":49},"end":{"line":105,"column":null}}],"line":105}},"s":{"0":6,"1":14,"2":6,"3":14,"4":3,"5":3,"6":14,"7":3,"8":6,"9":6,"10":6,"11":6,"12":6,"13":6,"14":6,"15":1,"16":1,"17":1,"18":1,"19":8,"20":1,"21":6,"22":0,"23":0,"24":6,"25":0,"26":0,"27":6,"28":1,"29":1,"30":3,"31":3,"32":3,"33":3,"34":1,"35":1,"36":2,"37":2,"38":0,"39":0,"40":2,"41":0,"42":1,"43":1,"44":1,"45":0,"46":0,"47":0,"48":0,"49":0,"50":0,"51":0,"52":0,"53":0,"54":0},"f":{"0":14,"1":3,"2":6,"3":3,"4":1},"b":{"0":[3,0],"1":[1,5],"2":[1,8],"3":[0,6],"4":[0,6],"5":[1,5],"6":[1,2],"7":[0,2],"8":[0,2],"9":[2,2,2],"10":[0,0],"11":[0,0]},"meta":{"lastBranch":12,"lastFunction":5,"lastStatement":55,"seen":{"s:6:27:6:Infinity":0,"f:8:2:8:9":0,"s:10:4:11:Infinity":1,"s:11:6:11:Infinity":2,"s:15:4:17:Infinity":3,"b:16:6:17:Infinity:undefined:undefined:undefined:undefined":0,"s:16:6:17:Infinity":4,"s:17:8:17:Infinity":5,"s:22:4:22:Infinity":6,"f:22:42:22:49":1,"s:22:54:22:63":7,"f:25:2:25:10":2,"s:27:4:27:Infinity":8,"s:30:4:30:Infinity":9,"s:31:4:31:Infinity":10,"s:34:4:34:Infinity":11,"s:38:20:38:56":12,"s:39:20:39:38":13,"b:42:4:51:Infinity:undefined:undefined:undefined:undefined":1,"s:42:4:51:Infinity":14,"s:43:6:43:Infinity":15,"s:44:6:44:Infinity":16,"s:47:14:47:Infinity":17,"s:48:6:49:Infinity":18,"b:48:13:48:48:48:52:48:59":2,"s:49:8:49:Infinity":19,"s:51:6:51:Infinity":20,"b:55:4:55:Infinity:undefined:undefined:undefined:undefined":3,"s:55:4:55:Infinity":21,"s:55:22:55:34":22,"s:55:34:55:Infinity":23,"b:56:4:56:Infinity:undefined:undefined:undefined:undefined":4,"s:56:4:56:Infinity":24,"s:56:32:56:54":25,"s:56:54:56:Infinity":26,"b:57:4:59:Infinity:undefined:undefined:undefined:undefined":5,"s:57:4:59:Infinity":27,"s:58:6:58:Infinity":28,"s:59:6:59:Infinity":29,"f:63:2:63:10":3,"s:64:4:64:Infinity":30,"s:65:4:65:Infinity":31,"s:67:4:67:Infinity":32,"b:70:4:72:Infinity:undefined:undefined:undefined:undefined":6,"s:70:4:72:Infinity":33,"s:71:6:71:Infinity":34,"s:72:6:72:Infinity":35,"s:76:4:79:Infinity":36,"b:77:6:79:Infinity:undefined:undefined:undefined:undefined":7,"s:77:6:79:Infinity":37,"s:78:8:78:Infinity":38,"s:79:8:79:Infinity":39,"b:84:4:85:Infinity:undefined:undefined:undefined:undefined":8,"s:84:4:85:Infinity":40,"b:84:8:84:39:84:39:84:56:84:56:84:84":9,"s:85:6:85:Infinity":41,"f:89:2:89:10":4,"s:90:4:90:Infinity":42,"s:92:4:92:Infinity":43,"s:95:4:108:Infinity":44,"s:96:19:96:73":45,"b:97:6:108:Infinity:undefined:undefined:undefined:undefined":10,"s:97:6:108:Infinity":46,"s:99:28:99:Infinity":47,"s:100:8:100:Infinity":48,"s:103:19:103:Infinity":49,"s:104:19:104:Infinity":50,"s:105:21:105:Infinity":51,"b:105:21:105:45:105:49:105:Infinity":11,"s:106:8:106:Infinity":52,"s:107:8:107:Infinity":53,"s:108:8:108:Infinity":54}}}
,"/workspace/src/utils/MathUtils.ts": {"path":"/workspace/src/utils/MathUtils.ts","statementMap":{"0":{"start":{"line":3,"column":4},"end":{"line":3,"column":null}},"1":{"start":{"line":7,"column":4},"end":{"line":7,"column":null}},"2":{"start":{"line":11,"column":4},"end":{"line":11,"column":null}}},"fnMap":{"0":{"name":"(anonymous_0)","decl":{"start":{"line":2,"column":9},"end":{"line":2,"column":18}},"loc":{"start":{"line":2,"column":74},"end":{"line":3,"column":null}},"line":2},"1":{"name":"(anonymous_1)","decl":{"start":{"line":6,"column":9},"end":{"line":6,"column":18}},"loc":{"start":{"line":6,"column":43},"end":{"line":7,"column":null}},"line":6},"2":{"name":"(anonymous_2)","decl":{"start":{"line":10,"column":9},"end":{"line":10,"column":15}},"loc":{"start":{"line":10,"column":64},"end":{"line":11,"column":null}},"line":10}},"branchMap":{},"s":{"0":4,"1":2,"2":3},"f":{"0":4,"1":4,"2":4},"b":{},"meta":{"lastBranch":0,"lastFunction":3,"lastStatement":3,"seen":{"f:2:9:2:18":0,"s:3:4:3:Infinity":0,"f:6:9:6:18":1,"s:7:4:7:Infinity":1,"f:10:9:10:15":2,"s:11:4:11:Infinity":2}}}
}
